<?xml version="1.0" encoding="UTF-8"?>
<testsuite name="com.yieldbrowser.app.BrowserSpacePolicyTest" tests="3" skipped="0" failures="0" errors="0" timestamp="2026-07-16T04:22:05" hostname="runnervm5mmn9" time="0.002">
  <properties/>
  <testcase name="lastDedicatedPrivateTabReturnsToNormal" classname="com.yieldbrowser.app.BrowserSpacePolicyTest" time="0.001"/>
  <testcase name="modernProfilesUseSeparateProcesses" classname="com.yieldbrowser.app.BrowserSpacePolicyTest" time="0.0"/>
  <testcase name="legacyPrivateTabsRemainLocal" classname="com.yieldbrowser.app.BrowserSpacePolicyTest" time="0.0"/>
  <system-out><![CDATA[]]></system-out>
  <system-err><![CDATA[]]></system-err>
</testsuite>
