<?xml version="1.0" encoding="UTF-8"?>
<testsuite name="com.yieldbrowser.app.ShieldEngineV2DownloadBoundaryTest" tests="4" skipped="0" failures="0" errors="0" timestamp="2026-07-16T04:22:05" hostname="runnervm5mmn9" time="0.01">
  <properties/>
  <testcase name="crossSiteDownloadRequiresARealUserGesture" classname="com.yieldbrowser.app.ShieldEngineV2DownloadBoundaryTest" time="0.004"/>
  <testcase name="downloadBoundaryStillBlocksTakeoversAndAffiliateRelays" classname="com.yieldbrowser.app.ShieldEngineV2DownloadBoundaryTest" time="0.004"/>
  <testcase name="downloadArticleIsNotMisclassifiedAsReaderPage" classname="com.yieldbrowser.app.ShieldEngineV2DownloadBoundaryTest" time="0.001"/>
  <testcase name="allowsUserInitiatedCleanDownloadDestinations" classname="com.yieldbrowser.app.ShieldEngineV2DownloadBoundaryTest" time="0.001"/>
  <system-out><![CDATA[]]></system-out>
  <system-err><![CDATA[]]></system-err>
</testsuite>
