<?xml version="1.0" encoding="UTF-8"?>
<testsuite name="com.yieldbrowser.app.VideoOutputCompatibilityPolicyTest" tests="3" skipped="0" failures="0" errors="0" timestamp="2026-07-16T04:22:05" hostname="runnervm5mmn9" time="0.0">
  <properties/>
  <testcase name="otherDevicesKeepTextureAsDefault" classname="com.yieldbrowser.app.VideoOutputCompatibilityPolicyTest" time="0.0"/>
  <testcase name="realmeOnOtherAndroidVersionIsNotForced" classname="com.yieldbrowser.app.VideoOutputCompatibilityPolicyTest" time="0.0"/>
  <testcase name="realme5ProAndroid11PrefersSurfaceThenTexture" classname="com.yieldbrowser.app.VideoOutputCompatibilityPolicyTest" time="0.0"/>
  <system-out><![CDATA[]]></system-out>
  <system-err><![CDATA[]]></system-err>
</testsuite>
