<?xml version="1.0" encoding="UTF-8"?>
<testsuite name="com.yieldbrowser.app.LongPressLinkPolicyTest" tests="4" skipped="0" failures="0" errors="0" timestamp="2026-07-16T04:22:05" hostname="runnervm5mmn9" time="0.002">
  <properties/>
  <testcase name="rejectsNonWebSchemesAndInvalidValues" classname="com.yieldbrowser.app.LongPressLinkPolicyTest" time="0.001"/>
  <testcase name="resolvesRelativeLinkAgainstCurrentPage" classname="com.yieldbrowser.app.LongPressLinkPolicyTest" time="0.0"/>
  <testcase name="resolvesRootRelativeAndProtocolRelativeLinks" classname="com.yieldbrowser.app.LongPressLinkPolicyTest" time="0.001"/>
  <testcase name="preservesAbsoluteHttpsLink" classname="com.yieldbrowser.app.LongPressLinkPolicyTest" time="0.0"/>
  <system-out><![CDATA[]]></system-out>
  <system-err><![CDATA[]]></system-err>
</testsuite>
