<?xml version="1.0" encoding="UTF-8"?>
<testsuite name="com.yieldbrowser.app.PrivateProfilePolicyTest" tests="3" skipped="0" failures="0" errors="0" timestamp="2026-07-16T04:22:05" hostname="runnervm5mmn9" time="0.001">
  <properties/>
  <testcase name="dedicatedProfileRequiresAndroidNineOrNewer" classname="com.yieldbrowser.app.PrivateProfilePolicyTest" time="0.0"/>
  <testcase name="closingLastDedicatedPrivateTabClosesItsWindow" classname="com.yieldbrowser.app.PrivateProfilePolicyTest" time="0.0"/>
  <testcase name="privateProfileBlocksThirdPartyCookiesAndSessionPersistence" classname="com.yieldbrowser.app.PrivateProfilePolicyTest" time="0.0"/>
  <system-out><![CDATA[]]></system-out>
  <system-err><![CDATA[]]></system-err>
</testsuite>
