<?xml version="1.0" encoding="UTF-8"?>
<testsuite name="com.yieldbrowser.app.HlsPlaylistParserTest" tests="4" skipped="0" failures="0" errors="0" timestamp="2026-07-16T04:22:05" hostname="runnervm5mmn9" time="0.006">
  <properties/>
  <testcase name="detectsEncryptedPlaylist" classname="com.yieldbrowser.app.HlsPlaylistParserTest" time="0.005"/>
  <testcase name="parsesInitMapAndByteRanges" classname="com.yieldbrowser.app.HlsPlaylistParserTest" time="0.001"/>
  <testcase name="sortsMasterVariantsByBandwidth" classname="com.yieldbrowser.app.HlsPlaylistParserTest" time="0.0"/>
  <testcase name="rejectsSampleAes" classname="com.yieldbrowser.app.HlsPlaylistParserTest" time="0.0"/>
  <system-out><![CDATA[]]></system-out>
  <system-err><![CDATA[]]></system-err>
</testsuite>
