<?xml version="1.0" encoding="UTF-8"?>
<testsuite name="com.yieldbrowser.app.ShieldPageScriptTest" tests="2" skipped="0" failures="0" errors="0" timestamp="2026-07-16T04:22:05" hostname="runnervm5mmn9" time="0.002">
  <properties/>
  <testcase name="runtimeConfigCanDisableProtectionWithoutReload" classname="com.yieldbrowser.app.ShieldPageScriptTest" time="0.001"/>
  <testcase name="buildsSilentUniversalDocumentStartScript" classname="com.yieldbrowser.app.ShieldPageScriptTest" time="0.001"/>
  <system-out><![CDATA[]]></system-out>
  <system-err><![CDATA[]]></system-err>
</testsuite>
