<?xml version="1.0" encoding="UTF-8"?>
<testsuite name="com.yieldbrowser.app.ProgressivePlaybackPolicyTest" tests="8" skipped="0" failures="0" errors="0" timestamp="2026-07-16T04:22:05" hostname="runnervm5mmn9" time="0.003">
  <properties/>
  <testcase name="resolvedOriginUrlWinsOverOriginalUrl" classname="com.yieldbrowser.app.ProgressivePlaybackPolicyTest" time="0.001"/>
  <testcase name="startupThresholdIsBoundedByFileLength" classname="com.yieldbrowser.app.ProgressivePlaybackPolicyTest" time="0.0"/>
  <testcase name="localFailureOrTimeoutTriggersSingleOriginFallback" classname="com.yieldbrowser.app.ProgressivePlaybackPolicyTest" time="0.001"/>
  <testcase name="completedDownloadExposesWholeFile" classname="com.yieldbrowser.app.ProgressivePlaybackPolicyTest" time="0.0"/>
  <testcase name="originRangeIsCappedToFourMegabytes" classname="com.yieldbrowser.app.ProgressivePlaybackPolicyTest" time="0.0"/>
  <testcase name="supportsCommonProgressiveVideoContainers" classname="com.yieldbrowser.app.ProgressivePlaybackPolicyTest" time="0.0"/>
  <testcase name="sequentialDownloadOnlyExposesWrittenPrefix" classname="com.yieldbrowser.app.ProgressivePlaybackPolicyTest" time="0.0"/>
  <testcase name="multipartDownloadDoesNotExposeSparseHoles" classname="com.yieldbrowser.app.ProgressivePlaybackPolicyTest" time="0.001"/>
  <system-out><![CDATA[]]></system-out>
  <system-err><![CDATA[]]></system-err>
</testsuite>
