<?xml version="1.0" encoding="UTF-8"?>
<testsuite name="com.yieldbrowser.app.DownloadHistoryCodecTest" tests="5" skipped="0" failures="0" errors="0" timestamp="2026-07-16T04:22:05" hostname="runnervm5mmn9" time="0.005">
  <properties/>
  <testcase name="legacyV084RowsStillRestore" classname="com.yieldbrowser.app.DownloadHistoryCodecTest" time="0.002"/>
  <testcase name="roundTripPreservesMultipartState" classname="com.yieldbrowser.app.DownloadHistoryCodecTest" time="0.001"/>
  <testcase name="runningDownloadRestoresAsPaused" classname="com.yieldbrowser.app.DownloadHistoryCodecTest" time="0.0"/>
  <testcase name="savingDownloadRestoresAsRecoverablePause" classname="com.yieldbrowser.app.DownloadHistoryCodecTest" time="0.001"/>
  <testcase name="persistableStatusesAreExplicit" classname="com.yieldbrowser.app.DownloadHistoryCodecTest" time="0.0"/>
  <system-out><![CDATA[]]></system-out>
  <system-err><![CDATA[]]></system-err>
</testsuite>
